<?xml version="1.0" encoding="UTF-8"?>
<!-- Generated by org.testng.reporters.JUnitReportReporter -->
<testsuite skipped="0" hostname="DESKTOP-HTHHALI" name="com.salesforce.testcases.TC003_DashboardAssessment" tests="2" failures="0" timestamp="2022-12-12T22:59:58 IST" time="144.343" errors="0">
  <testcase name="createDashboard" time="75.590" classname="com.salesforce.testcases.TC003_DashboardAssessment"/>
  <system-out/>
  <testcase name="createDashboard" time="68.753" classname="com.salesforce.testcases.TC003_DashboardAssessment"/>
  <system-out/>
</testsuite> <!-- com.salesforce.testcases.TC003_DashboardAssessment -->
