<?xml version="1.0" encoding="UTF-8"?>
<!-- Generated by org.testng.reporters.JUnitReportReporter -->
<testsuite skipped="0" hostname="DESKTOP-HTHHALI" name="com.salesforce.testcases.TC002_CreateOpportunity" tests="2" failures="0" timestamp="2022-12-17T15:24:30 IST" time="102.360" errors="0">
  <testcase name="createOpportunity" time="50.591" classname="com.salesforce.testcases.TC002_CreateOpportunity"/>
  <system-out/>
  <testcase name="createOpportunity" time="51.769" classname="com.salesforce.testcases.TC002_CreateOpportunity"/>
  <system-out/>
</testsuite> <!-- com.salesforce.testcases.TC002_CreateOpportunity -->
