<?xml version="1.0" encoding="UTF-8"?>
<!-- Generated by org.testng.reporters.JUnitReportReporter -->
<testsuite hostname="DESKTOP-HTHHALI" failures="0" tests="1" name="com.salesforce.testcases.TC001_VerifyLogin" time="20.006" errors="0" timestamp="2022-12-03T12:44:48 IST" skipped="0">
  <testcase classname="com.salesforce.testcases.TC001_VerifyLogin" name="runLogin" time="20.006"/>
  <system-out/>
</testsuite> <!-- com.salesforce.testcases.TC001_VerifyLogin -->
