<?xml version="1.0" encoding="UTF-8"?>
<!-- Generated by org.testng.reporters.JUnitReportReporter -->
<testsuite hostname="DESKTOP-HTHHALI" failures="0" tests="2" name="com.salesforce.testcases.TC002_CreateOpportunity" time="98.867" errors="0" timestamp="2022-12-06T21:59:03 IST" skipped="0">
  <testcase classname="com.salesforce.testcases.TC002_CreateOpportunity" name="createOpportunity" time="53.472"/>
  <system-out/>
  <testcase classname="com.salesforce.testcases.TC002_CreateOpportunity" name="createOpportunity" time="45.395"/>
  <system-out/>
</testsuite> <!-- com.salesforce.testcases.TC002_CreateOpportunity -->
