<?xml version="1.0" encoding="UTF-8"?>
<!-- Generated by org.testng.reporters.JUnitReportReporter -->
<testsuite skipped="0" hostname="DESKTOP-HTHHALI" name="com.salesforce.testcases.TC003_DashboardAssessment" tests="1" failures="0" timestamp="2022-12-15T00:00:09 IST" time="123.769" errors="0">
  <testcase name="createDashboard" time="123.769" classname="com.salesforce.testcases.TC003_DashboardAssessment"/>
  <system-out/>
</testsuite> <!-- com.salesforce.testcases.TC003_DashboardAssessment -->
