<?xml version="1.0" encoding="UTF-8"?>
<!-- Generated by org.testng.reporters.JUnitReportReporter -->
<testsuite skipped="0" hostname="DESKTOP-HTHHALI" name="com.salesforce.testcases.TC001_VerifyLogin" tests="1" failures="0" timestamp="2022-12-17T15:24:29 IST" time="20.289" errors="0">
  <testcase name="runLogin" time="20.289" classname="com.salesforce.testcases.TC001_VerifyLogin"/>
  <system-out/>
</testsuite> <!-- com.salesforce.testcases.TC001_VerifyLogin -->
